<?xml version="1.0" encoding="UTF-8"?>
<testsuite xmlns:xsi="http://www.w3.org/2001/XMLSchema-instance" xsi:noNamespaceSchemaLocation="https://maven.apache.org/surefire/maven-surefire-plugin/xsd/surefire-test-report-3.0.xsd" version="3.0" name="org.example.MathUtilsTest" time="0.044" tests="1" errors="0" skipped="0" failures="0">
  <properties>
    <property name="java.specification.version" value="21"/>
    <property name="sun.cpu.isalist" value="amd64"/>
    <property name="sun.jnu.encoding" value="Cp1252"/>
    <property name="java.class.path" value="D:\DANUSH\companies\cognizant\6396760_danush_cognizant_solutions\Week-2_JUnit_Mockito_and_SL4J\JUnit_Basic_Testing\exercise_4_Arrange_Act_Assert_AAA_Pattern_Test_Fixtures_Setup_and_Teardown_Methods_in_JUnit\target\test-classes;D:\DANUSH\companies\cognizant\6396760_danush_cognizant_solutions\Week-2_JUnit_Mockito_and_SL4J\JUnit_Basic_Testing\exercise_4_Arrange_Act_Assert_AAA_Pattern_Test_Fixtures_Setup_and_Teardown_Methods_in_JUnit\target\classes;C:\Users\danus\.m2\repository\junit\junit\4.13.2\junit-4.13.2.jar;C:\Users\danus\.m2\repository\org\hamcrest\hamcrest-core\1.3\hamcrest-core-1.3.jar;"/>
    <property name="java.vm.vendor" value="Oracle Corporation"/>
    <property name="sun.arch.data.model" value="64"/>
    <property name="user.variant" value=""/>
    <property name="java.vendor.url" value="https://java.oracle.com/"/>
    <property name="user.timezone" value="Asia/Calcutta"/>
    <property name="os.name" value="Windows 11"/>
    <property name="java.vm.specification.version" value="21"/>
    <property name="sun.java.launcher" value="SUN_STANDARD"/>
    <property name="user.country" value="IN"/>
    <property name="sun.boot.library.path" value="C:\Program Files\Java\jdk-21\bin"/>
    <property name="sun.java.command" value="C:\Users\danus\AppData\Local\Temp\surefire14322269870276610517\surefirebooter-20250629235929429_3.jar C:\Users\danus\AppData\Local\Temp\surefire14322269870276610517 2025-06-29T23-59-28_236-jvmRun1 surefire-20250629235929429_1tmp surefire_0-20250629235929429_2tmp"/>
    <property name="jdk.debug" value="release"/>
    <property name="surefire.test.class.path" value="D:\DANUSH\companies\cognizant\6396760_danush_cognizant_solutions\Week-2_JUnit_Mockito_and_SL4J\JUnit_Basic_Testing\exercise_4_Arrange_Act_Assert_AAA_Pattern_Test_Fixtures_Setup_and_Teardown_Methods_in_JUnit\target\test-classes;D:\DANUSH\companies\cognizant\6396760_danush_cognizant_solutions\Week-2_JUnit_Mockito_and_SL4J\JUnit_Basic_Testing\exercise_4_Arrange_Act_Assert_AAA_Pattern_Test_Fixtures_Setup_and_Teardown_Methods_in_JUnit\target\classes;C:\Users\danus\.m2\repository\junit\junit\4.13.2\junit-4.13.2.jar;C:\Users\danus\.m2\repository\org\hamcrest\hamcrest-core\1.3\hamcrest-core-1.3.jar;"/>
    <property name="sun.cpu.endian" value="little"/>
    <property name="user.home" value="C:\Users\danus"/>
    <property name="user.language" value="en"/>
    <property name="java.specification.vendor" value="Oracle Corporation"/>
    <property name="java.version.date" value="2023-10-17"/>
    <property name="java.home" value="C:\Program Files\Java\jdk-21"/>
    <property name="file.separator" value="\"/>
    <property name="basedir" value="D:\DANUSH\companies\cognizant\6396760_danush_cognizant_solutions\Week-2_JUnit_Mockito_and_SL4J\JUnit_Basic_Testing\exercise_4_Arrange_Act_Assert_AAA_Pattern_Test_Fixtures_Setup_and_Teardown_Methods_in_JUnit"/>
    <property name="java.vm.compressedOopsMode" value="Zero based"/>
    <property name="line.separator" value="&#10;"/>
    <property name="java.vm.specification.vendor" value="Oracle Corporation"/>
    <property name="java.specification.name" value="Java Platform API Specification"/>
    <property name="surefire.real.class.path" value="C:\Users\danus\AppData\Local\Temp\surefire14322269870276610517\surefirebooter-20250629235929429_3.jar"/>
    <property name="user.script" value=""/>
    <property name="sun.management.compiler" value="HotSpot 64-Bit Tiered Compilers"/>
    <property name="java.runtime.version" value="21.0.1+12-LTS-29"/>
    <property name="user.name" value="danus"/>
    <property name="stdout.encoding" value="Cp1252"/>
    <property name="path.separator" value=";"/>
    <property name="os.version" value="10.0"/>
    <property name="java.runtime.name" value="Java(TM) SE Runtime Environment"/>
    <property name="file.encoding" value="UTF-8"/>
    <property name="java.vm.name" value="Java HotSpot(TM) 64-Bit Server VM"/>
    <property name="localRepository" value="C:\Users\danus\.m2\repository"/>
    <property name="java.vendor.url.bug" value="https://bugreport.java.com/bugreport/"/>
    <property name="java.io.tmpdir" value="C:\Users\danus\AppData\Local\Temp\"/>
    <property name="idea.version" value="2023.3.2"/>
    <property name="java.version" value="21.0.1"/>
    <property name="user.dir" value="D:\DANUSH\companies\cognizant\6396760_danush_cognizant_solutions\Week-2_JUnit_Mockito_and_SL4J\JUnit_Basic_Testing\exercise_4_Arrange_Act_Assert_AAA_Pattern_Test_Fixtures_Setup_and_Teardown_Methods_in_JUnit"/>
    <property name="os.arch" value="amd64"/>
    <property name="java.vm.specification.name" value="Java Virtual Machine Specification"/>
    <property name="sun.os.patch.level" value=""/>
    <property name="native.encoding" value="Cp1252"/>
    <property name="java.library.path" value="C:\Program Files\Java\jdk-21\bin;C:\WINDOWS\Sun\Java\bin;C:\WINDOWS\system32;C:\WINDOWS;C:\Program Files\Microsoft MPI\Bin\;C:\Program Files\NVIDIA GPU Computing Toolkit\CUDA\v12.5\bin;C:\Program Files\NVIDIA GPU Computing Toolkit\CUDA\v12.5\libnvvp;C:\Program Files\Common Files\Oracle\Java\javapath;C:\Windows\system32;C:\Windows;C:\Windows\System32\Wbem;C:\Windows\System32\WindowsPowerShell\v1.0\;C:\Windows\System32\OpenSSH\;C:\Program Files (x86)\NVIDIA Corporation\PhysX\Common;C:\WINDOWS\system32;C:\WINDOWS;C:\WINDOWS\System32\Wbem;C:\WINDOWS\System32\WindowsPowerShell\v1.0\;C:\WINDOWS\System32\OpenSSH\;C:\Program Files\nodejs\;C:\Program Files\Git\cmd;C:\ProgramData\chocolatey\bin;C:\Program Files\MATLAB\R2024a\bin;C:\Program Files\NVIDIA Corporation\Nsight Compute 2024.2.0\;C:\Users\danus\AppData\Roaming\npm\;C:\Users\danus\AppData\Local\Pub\Cache\bin;C:\Program Files\NVIDIA Corporation\NVIDIA app\NvDLISR;C:\Program Files\Java\jdk-21\bin;C:\Program Files\dotnet\;C:\Users\danus\AppData\Local\Programs\Python\Python38\Scripts\;C:\Users\danus\AppData\Local\Programs\Python\Python38\;C:\Users\danus\AppData\Local\Programs\Python\Python312\Scripts\;C:\Users\danus\AppData\Local\Programs\Python\Python312\;C:\Program Files\MySQL\MySQL Shell 9.0\bin\;C:\Program Files\Common Files\Oracle\Java\javapath;C:\Windows\system32;C:\Windows;C:\Windows\System32\Wbem;C:\Windows\System32\WindowsPowerShell\v1.0\;C:\Windows\System32\OpenSSH\;C:\Program Files (x86)\NVIDIA Corporation\PhysX\Common;C:\Program Files\NVIDIA Corporation\NVIDIA NvDLISR;C:\WINDOWS\system32;C:\WINDOWS;C:\WINDOWS\System32\Wbem;C:\WINDOWS\System32\WindowsPowerShell\v1.0\;C:\WINDOWS\System32\OpenSSH\;C:\Program Files\nodejs\;C:\Program Files\Git\cmd;C:\Program Files\Java\jdk-21;C:\MinGW\bin;C:\Users\danus\AppData\Local\Programs\Microsoft VS Code\bin;C:\Python34\Scripts;C:\Program Files\JetBrains\PyCharm 2023.3.2\bin;C:\Program Files\JetBrains\IntelliJ IDEA 2023.3.2\bin;C:\Program Files\JetBrains\IntelliJ IDEA Community Edition 2023.3.2\bin;C:\sqlite-tools-win-x64-3450100\sqldiff.exe;C:\src\flutter\flutter\bin;C:\Program Files (x86)\Nmap;C:\Program Files\MongoDB\Server\7.0\bin;C:\Users\danus\AppData\Local\Microsoft\WindowsApps;C:\Users\danus\.lmstudio\bin;C:\Users\danus\Downloads\ffmpeg-master-latest-win64-gpl\ffmpeg-master-latest-win64-gpl\bin;C:\Users\danus\.dotnet\tools;;."/>
    <property name="java.vm.info" value="mixed mode, sharing"/>
    <property name="stderr.encoding" value="Cp1252"/>
    <property name="java.vendor" value="Oracle Corporation"/>
    <property name="java.vm.version" value="21.0.1+12-LTS-29"/>
    <property name="sun.io.unicode.encoding" value="UnicodeLittle"/>
    <property name="java.class.version" value="65.0"/>
  </properties>
  <testcase name="testAdd" classname="org.example.MathUtilsTest" time="0.006">
    <system-out><![CDATA[Setup done
MathUtils closed.
Teardown done
]]></system-out>
  </testcase>
</testsuite>